========================================
LiTS Stage 2 Training - U-Net + ResNet50 (with W&B)
Date: Thu Apr  9 23:03:12 EDT 2026
Node: d1002
Job ID: 5830409
GPU: Tesla V100-SXM2-32GB (32GB)
========================================

Config: configs/unet_resnet50.yaml
========================================
Starting training...
Device: cuda
Epoch 0001 | train_loss=0.1713 | val_loss=0.1762 | dice_liver=0.8998 | dice_tumor=0.6179 | lr=1.00e-04
  → Best model saved (val Dice: 0.7589)
Epoch 0002 | train_loss=0.0762 | val_loss=0.1731 | dice_liver=0.8965 | dice_tumor=0.5847 | lr=1.00e-04
Epoch 0003 | train_loss=0.0673 | val_loss=0.1720 | dice_liver=0.9188 | dice_tumor=0.7255 | lr=9.99e-05
  → Best model saved (val Dice: 0.8221)
Epoch 0004 | train_loss=0.0608 | val_loss=0.1782 | dice_liver=0.8878 | dice_tumor=0.6460 | lr=9.98e-05
Epoch 0005 | train_loss=0.0603 | val_loss=0.1687 | dice_liver=0.9295 | dice_tumor=0.6748 | lr=9.96e-05
Epoch 0006 | train_loss=0.0568 | val_loss=0.1802 | dice_liver=0.8770 | dice_tumor=0.6614 | lr=9.94e-05
Epoch 0007 | train_loss=0.0553 | val_loss=0.1703 | dice_liver=0.9265 | dice_tumor=0.6970 | lr=9.91e-05
Epoch 0008 | train_loss=0.0551 | val_loss=0.1673 | dice_liver=0.9082 | dice_tumor=0.5981 | lr=9.88e-05
Epoch 0009 | train_loss=0.0512 | val_loss=0.1745 | dice_liver=0.8996 | dice_tumor=0.6247 | lr=9.84e-05
Epoch 0010 | train_loss=0.0531 | val_loss=0.1699 | dice_liver=0.9238 | dice_tumor=0.6585 | lr=9.80e-05
Epoch 0011 | train_loss=0.0499 | val_loss=0.1826 | dice_liver=0.8819 | dice_tumor=0.6653 | lr=9.76e-05
Epoch 0012 | train_loss=0.0483 | val_loss=0.1713 | dice_liver=0.9073 | dice_tumor=0.6255 | lr=9.70e-05
Epoch 0013 | train_loss=0.0469 | val_loss=0.1681 | dice_liver=0.9149 | dice_tumor=0.6430 | lr=9.65e-05
Epoch 0014 | train_loss=0.0474 | val_loss=0.1735 | dice_liver=0.9211 | dice_tumor=0.6716 | lr=9.59e-05
Epoch 0015 | train_loss=0.0463 | val_loss=0.1711 | dice_liver=0.9204 | dice_tumor=0.7011 | lr=9.52e-05
Epoch 0016 | train_loss=0.0438 | val_loss=0.1679 | dice_liver=0.9325 | dice_tumor=0.7222 | lr=9.46e-05
  → Best model saved (val Dice: 0.8273)
Epoch 0017 | train_loss=0.0439 | val_loss=0.1756 | dice_liver=0.9106 | dice_tumor=0.6995 | lr=9.38e-05
Epoch 0018 | train_loss=0.0443 | val_loss=0.1699 | dice_liver=0.9153 | dice_tumor=0.6605 | lr=9.30e-05
Epoch 0019 | train_loss=0.0435 | val_loss=0.1755 | dice_liver=0.9083 | dice_tumor=0.7187 | lr=9.22e-05
Epoch 0020 | train_loss=0.0419 | val_loss=0.1698 | dice_liver=0.9233 | dice_tumor=0.6491 | lr=9.14e-05
Epoch 0021 | train_loss=0.0433 | val_loss=0.1743 | dice_liver=0.9041 | dice_tumor=0.6635 | lr=9.05e-05
Epoch 0022 | train_loss=0.0422 | val_loss=0.1631 | dice_liver=0.9296 | dice_tumor=0.6625 | lr=8.95e-05
Epoch 0023 | train_loss=0.0403 | val_loss=0.1702 | dice_liver=0.9249 | dice_tumor=0.6902 | lr=8.85e-05
Epoch 0024 | train_loss=0.0408 | val_loss=0.1713 | dice_liver=0.9111 | dice_tumor=0.6783 | lr=8.75e-05
Epoch 0025 | train_loss=0.0403 | val_loss=0.1711 | dice_liver=0.9204 | dice_tumor=0.6828 | lr=8.65e-05
Epoch 0026 | train_loss=0.0391 | val_loss=0.1683 | dice_liver=0.9237 | dice_tumor=0.6792 | lr=8.54e-05
Epoch 0027 | train_loss=0.0390 | val_loss=0.1669 | dice_liver=0.9333 | dice_tumor=0.7206 | lr=8.42e-05
Epoch 0028 | train_loss=0.0396 | val_loss=0.1657 | dice_liver=0.9388 | dice_tumor=0.6800 | lr=8.31e-05
Epoch 0029 | train_loss=0.0396 | val_loss=0.1678 | dice_liver=0.9234 | dice_tumor=0.6630 | lr=8.19e-05
Epoch 0030 | train_loss=0.0385 | val_loss=0.1679 | dice_liver=0.9246 | dice_tumor=0.6739 | lr=8.07e-05
Epoch 0031 | train_loss=0.0385 | val_loss=0.1676 | dice_liver=0.9374 | dice_tumor=0.7056 | lr=7.94e-05
Early stopping at epoch 31

Training complete. Best val Dice: 0.8273

── Test Results ─────────────────────────────────
  Dice  Liver : 0.8990
  Dice  Tumor : 0.6886
  IoU   Liver : 0.8477
  IoU   Tumor : 0.6357
─────────────────────────────────────────────────

========================================
Training finished at Fri Apr 10 00:30:57 EDT 2026
========================================
