========================================
LiTS Training - Vanilla U-Net (with W&B)
Date: Saturday 04 April 2026 07:44:16 PM EDT
Node: d1026
Job ID: 5684951
========================================

GPU Info:
Sat Apr  4 19:44:16 2026
+-----------------------------------------------------------------------------------------+
| NVIDIA-SMI 570.86.15              Driver Version: 570.86.15      CUDA Version: 12.8     |
|  GPU  Name                 Persistence-M | Bus-Id          Disp.A | Volatile Uncorr. ECC |
|   0  NVIDIA A100-SXM4-40GB          On  |   00000000:81:00.0 Off |                    0 |
+-----------------------------------------------------------------------------------------+

Config: configs/unet_baseline.yaml
========================================
Starting training...
Device: cuda
Epoch 0001 | train_loss=0.2956 | val_loss=0.2982 | dice_liver=0.4964 | dice_tumor=0.3206 | lr=1.00e-04
  → Best model saved (val Dice: 0.4085)
Epoch 0002 | train_loss=0.1405 | val_loss=0.2175 | dice_liver=0.7427 | dice_tumor=0.6241 | lr=1.00e-04
  → Best model saved (val Dice: 0.6834)
Epoch 0003 | train_loss=0.1060 | val_loss=0.2064 | dice_liver=0.7885 | dice_tumor=0.4667 | lr=9.99e-05
Epoch 0004 | train_loss=0.0945 | val_loss=0.1985 | dice_liver=0.8168 | dice_tumor=0.6093 | lr=9.98e-05
  → Best model saved (val Dice: 0.7131)
Epoch 0005 | train_loss=0.0890 | val_loss=0.1841 | dice_liver=0.8626 | dice_tumor=0.4934 | lr=9.96e-05
Epoch 0006 | train_loss=0.0830 | val_loss=0.1828 | dice_liver=0.9035 | dice_tumor=0.5659 | lr=9.94e-05
  → Best model saved (val Dice: 0.7347)
Epoch 0007 | train_loss=0.0778 | val_loss=0.2146 | dice_liver=0.7485 | dice_tumor=0.6482 | lr=9.91e-05
Epoch 0008 | train_loss=0.0732 | val_loss=0.1775 | dice_liver=0.8824 | dice_tumor=0.5576 | lr=9.88e-05
Epoch 0009 | train_loss=0.0708 | val_loss=0.1869 | dice_liver=0.8515 | dice_tumor=0.6779 | lr=9.84e-05
  → Best model saved (val Dice: 0.7647)
Epoch 0010 | train_loss=0.0690 | val_loss=0.1780 | dice_liver=0.8770 | dice_tumor=0.6448 | lr=9.80e-05
Epoch 0011 | train_loss=0.0682 | val_loss=0.1936 | dice_liver=0.8329 | dice_tumor=0.5169 | lr=9.76e-05
Epoch 0012 | train_loss=0.0654 | val_loss=0.1767 | dice_liver=0.8983 | dice_tumor=0.7020 | lr=9.70e-05
  → Best model saved (val Dice: 0.8001)
Epoch 0013 | train_loss=0.0624 | val_loss=0.1827 | dice_liver=0.8507 | dice_tumor=0.6450 | lr=9.65e-05
Epoch 0014 | train_loss=0.0622 | val_loss=0.1749 | dice_liver=0.8979 | dice_tumor=0.6820 | lr=9.59e-05
Epoch 0015 | train_loss=0.0600 | val_loss=0.1722 | dice_liver=0.9022 | dice_tumor=0.6551 | lr=9.52e-05
Epoch 0016 | train_loss=0.0598 | val_loss=0.1786 | dice_liver=0.8671 | dice_tumor=0.6352 | lr=9.46e-05
Epoch 0017 | train_loss=0.0578 | val_loss=0.1816 | dice_liver=0.8617 | dice_tumor=0.5901 | lr=9.38e-05
Epoch 0018 | train_loss=0.0567 | val_loss=0.1796 | dice_liver=0.8864 | dice_tumor=0.5720 | lr=9.30e-05
Epoch 0019 | train_loss=0.0549 | val_loss=0.1738 | dice_liver=0.8996 | dice_tumor=0.6714 | lr=9.22e-05
Epoch 0020 | train_loss=0.0562 | val_loss=0.1704 | dice_liver=0.9125 | dice_tumor=0.5771 | lr=9.14e-05
Epoch 0021 | train_loss=0.0547 | val_loss=0.1777 | dice_liver=0.8802 | dice_tumor=0.5893 | lr=9.05e-05
Epoch 0022 | train_loss=0.0530 | val_loss=0.1814 | dice_liver=0.8801 | dice_tumor=0.6513 | lr=8.95e-05
Epoch 0023 | train_loss=0.0514 | val_loss=0.1711 | dice_liver=0.9116 | dice_tumor=0.6065 | lr=8.85e-05
Epoch 0024 | train_loss=0.0511 | val_loss=0.1733 | dice_liver=0.8905 | dice_tumor=0.6835 | lr=8.75e-05
Epoch 0025 | train_loss=0.0512 | val_loss=0.1734 | dice_liver=0.9193 | dice_tumor=0.6704 | lr=8.65e-05
Epoch 0026 | train_loss=0.0483 | val_loss=0.1773 | dice_liver=0.8908 | dice_tumor=0.5558 | lr=8.54e-05
Epoch 0027 | train_loss=0.0514 | val_loss=0.1887 | dice_liver=0.8516 | dice_tumor=0.6190 | lr=8.42e-05
Early stopping at epoch 27

Training complete. Best val Dice: 0.8001

── Test Results ─────────────────────────────────
  Dice  Liver : 0.8651
  Dice  Tumor : 0.6898
  IoU   Liver : 0.8047
  IoU   Tumor : 0.6363
─────────────────────────────────────────────────

========================================
Training finished at Saturday 04 April 2026 09:15:18 PM EDT
========================================
